<?xml version="1.0" encoding="UTF-8"?>
<testsuite name="simple.TestSkiped" tests="1" skipped="1" failures="0" errors="0" timestamp="2023-12-30T00:55:58" hostname="LAPTOP-K5I9OT1F" time="0.001">
  <properties/>
  <testcase name="test1()" classname="simple.TestSkiped" time="0.001">
    <skipped/>
  </testcase>
  <system-out><![CDATA[]]></system-out>
  <system-err><![CDATA[]]></system-err>
</testsuite>
